<?xml version="1.0" encoding="UTF-8"?>
<!-- Generated by org.testng.reporters.JUnitXMLReporter -->
<testsuite ignored="0" hostname="DESKTOP-4E9IK45" failures="0" tests="6" name="ChromeTest" time="102.83" errors="0" timestamp="2022-09-29T08:47:20 IST">
  <testcase classname="com.test.test" name="@BeforeTest launchBrowser" time="11.695">
    <failure type="org.openqa.selenium.SessionNotCreatedException" message="Could not start a new session. Response code 500. Message: unknown error: cannot find msedge binary
Build info: version: &amp;apos;4.4.0&amp;apos;, revision: &amp;apos;e5c75ed026a&amp;apos;
System info: host: &amp;apos;DESKTOP-4E9IK45&amp;apos;, ip: &amp;apos;192.168.225.121&amp;apos;, os.name: &amp;apos;Windows 10&amp;apos;, os.arch: &amp;apos;amd64&amp;apos;, os.version: &amp;apos;10.0&amp;apos;, java.version: &amp;apos;18.0.2.1&amp;apos;
Driver info: org.openqa.selenium.edge.EdgeDriver
Command: [null, newSession {capabilities=[Capabilities {browserName: MicrosoftEdge, ms:edgeOptions: {args: [], extensions: []}}], desiredCapabilities=Capabilities {browserName: MicrosoftEdge, ms:edgeOptions: {args: [], extensions: []}}}]">
      <![CDATA[org.openqa.selenium.SessionNotCreatedException: Could not start a new session. Response code 500. Message: unknown error: cannot find msedge binary
Build info: version: '4.4.0', revision: 'e5c75ed026a'
System info: host: 'DESKTOP-4E9IK45', ip: '192.168.225.121', os.name: 'Windows 10', os.arch: 'amd64', os.version: '10.0', java.version: '18.0.2.1'
Driver info: org.openqa.selenium.edge.EdgeDriver
Command: [null, newSession {capabilities=[Capabilities {browserName: MicrosoftEdge, ms:edgeOptions: {args: [], extensions: []}}], desiredCapabilities=Capabilities {browserName: MicrosoftEdge, ms:edgeOptions: {args: [], extensions: []}}}]
at org.openqa.selenium.remote.ProtocolHandshake.createSession(ProtocolHandshake.java:144)
at org.openqa.selenium.remote.ProtocolHandshake.createSession(ProtocolHandshake.java:102)
at org.openqa.selenium.remote.ProtocolHandshake.createSession(ProtocolHandshake.java:67)
at org.openqa.selenium.remote.HttpCommandExecutor.execute(HttpCommandExecutor.java:156)
at org.openqa.selenium.remote.service.DriverCommandExecutor.invokeExecute(DriverCommandExecutor.java:167)
at org.openqa.selenium.remote.service.DriverCommandExecutor.execute(DriverCommandExecutor.java:142)
at org.openqa.selenium.remote.RemoteWebDriver.execute(RemoteWebDriver.java:547)
at org.openqa.selenium.remote.RemoteWebDriver.startSession(RemoteWebDriver.java:242)
at org.openqa.selenium.remote.RemoteWebDriver.<init>(RemoteWebDriver.java:157)
at org.openqa.selenium.chromium.ChromiumDriver.<init>(ChromiumDriver.java:101)
at org.openqa.selenium.edge.EdgeDriver.<init>(EdgeDriver.java:54)
at org.openqa.selenium.edge.EdgeDriver.<init>(EdgeDriver.java:46)
at org.openqa.selenium.edge.EdgeDriver.<init>(EdgeDriver.java:42)
at com.base.Base.OpenEdgeBrowser(Base.java:25)
at com.test.test.launchBrowser(test.java:40)
at java.base/java.util.concurrent.FutureTask.run(FutureTask.java:264)
at java.base/java.util.concurrent.ThreadPoolExecutor.runWorker(ThreadPoolExecutor.java:1136)
at java.base/java.util.concurrent.ThreadPoolExecutor$Worker.run(ThreadPoolExecutor.java:635)
at java.base/java.lang.Thread.run(Thread.java:833)
... Removed 13 stack frames]]>
    </failure>
  </testcase> <!-- @BeforeTest launchBrowser -->
  <testcase classname="com.test.test" name="@BeforeClass HitURL" time="-1.664421349766E9">
    <skipped/>
  </testcase> <!-- @BeforeClass HitURL -->
  <testcase classname="com.test.test" name="@BeforeMethod verifyLoginPage" time="-1.66442134977E9">
    <skipped/>
  </testcase> <!-- @BeforeMethod verifyLoginPage -->
  <testcase classname="com.test.test" name="@AfterMethod Logout" time="-1.664421349779E9">
    <skipped/>
  </testcase> <!-- @AfterMethod Logout -->
  <testcase classname="com.test.test" name="@BeforeMethod verifyLoginPage" time="-1.664421349783E9">
    <skipped/>
  </testcase> <!-- @BeforeMethod verifyLoginPage -->
  <testcase classname="com.test.test" name="@AfterMethod Logout" time="-1.664421349788E9">
    <skipped/>
  </testcase> <!-- @AfterMethod Logout -->
  <testcase classname="com.test.test" name="@BeforeMethod verifyLoginPage" time="-1.664421349793E9">
    <skipped/>
  </testcase> <!-- @BeforeMethod verifyLoginPage -->
  <testcase classname="com.test.test" name="@AfterMethod Logout" time="-1.664421349801E9">
    <skipped/>
  </testcase> <!-- @AfterMethod Logout -->
  <testcase classname="com.test.test" name="@BeforeMethod verifyLoginPage" time="-1.664421349821E9">
    <skipped/>
  </testcase> <!-- @BeforeMethod verifyLoginPage -->
  <testcase classname="com.test.test" name="@AfterMethod Logout" time="-1.664421349828E9">
    <skipped/>
  </testcase> <!-- @AfterMethod Logout -->
  <testcase classname="com.test.test" name="@BeforeMethod verifyLoginPage" time="-1.664421349829E9">
    <skipped/>
  </testcase> <!-- @BeforeMethod verifyLoginPage -->
  <testcase classname="com.test.test" name="@AfterMethod Logout" time="-1.664421349838E9">
    <skipped/>
  </testcase> <!-- @AfterMethod Logout -->
  <testcase classname="com.test.test" name="@BeforeMethod verifyLoginPage" time="-1.664421349845E9">
    <skipped/>
  </testcase> <!-- @BeforeMethod verifyLoginPage -->
  <testcase classname="com.test.test" name="@AfterMethod Logout" time="-1.664421349853E9">
    <skipped/>
  </testcase> <!-- @AfterMethod Logout -->
  <testcase classname="com.test.test" name="@AfterClass CloseBrowser" time="-1.664421349855E9">
    <skipped/>
  </testcase> <!-- @AfterClass CloseBrowser -->
  <testcase classname="com.test.test" name="verifyBackpack" time="2.121"/>
  <testcase classname="com.test.test" name="verifyBikelight" time="2.136"/>
  <testcase classname="com.test.test" name="verifyTshirt" time="2.123"/>
  <testcase classname="com.test.test" name="verifyJacket" time="2.081"/>
  <testcase classname="com.test.test" name="verifyOnesie" time="2.124"/>
  <testcase classname="com.test.test" name="verifyRedTshirt" time="2.118"/>
</testsuite> <!-- ChromeTest -->
