<?xml version="1.0" encoding="UTF-8"?>
<!-- Generated by org.testng.reporters.JUnitXMLReporter -->
<testsuite ignored="0" hostname="DESKTOP-4E9IK45" failures="0" tests="6" name="OperaTest" time="41.408" errors="0" timestamp="2022-09-29T09:02:29 IST">
  <testcase classname="com.test.test" name="@BeforeTest launchBrowser" time="41.292">
    <failure type="org.openqa.selenium.SessionNotCreatedException" message="Could not start a new session. Possible causes are invalid address of the remote server or browser start-up failure.">
      <![CDATA[org.openqa.selenium.SessionNotCreatedException: Could not start a new session. Possible causes are invalid address of the remote server or browser start-up failure.
at org.openqa.selenium.remote.RemoteWebDriver.execute(RemoteWebDriver.java:565)
at org.openqa.selenium.remote.RemoteWebDriver.startSession(RemoteWebDriver.java:242)
at org.openqa.selenium.remote.RemoteWebDriver.<init>(RemoteWebDriver.java:157)
at org.openqa.selenium.opera.OperaDriver.<init>(OperaDriver.java:134)
at org.openqa.selenium.opera.OperaDriver.<init>(OperaDriver.java:121)
at org.openqa.selenium.opera.OperaDriver.<init>(OperaDriver.java:76)
at com.base.Base.OpenOperaBrowser(Base.java:42)
at com.test.test.launchBrowser(test.java:46)
Caused by: org.openqa.selenium.WebDriverException: unknown error: cannot find Opera binary
  (Driver info: operadriver=105.0.5195.102 (4c16f5ffcc2da70ee2600d5db77bed423ac03a5a-refs/branch-heads/5195_55@{#4}),platform=Windows NT 10.0.19041 x86_64) (WARNING: The server did not provide any stacktrace information)
Command duration or timeout: 273 milliseconds
Build info: version: '4.4.0', revision: 'e5c75ed026a'
System info: host: 'DESKTOP-4E9IK45', ip: '192.168.225.121', os.name: 'Windows 10', os.arch: 'amd64', os.version: '10.0', java.version: '18.0.2.1'
Driver info: driver.version: OperaDriver
at org.openqa.selenium.remote.ErrorHandler.createThrowable(ErrorHandler.java:217)
at org.openqa.selenium.remote.ErrorHandler.throwIfResponseFailed(ErrorHandler.java:169)
at org.openqa.selenium.remote.JsonWireProtocolResponse.lambda$errorHandler$0(JsonWireProtocolResponse.java:54)
at org.openqa.selenium.remote.HandshakeResponse.lambda$getResponseFunction$0(HandshakeResponse.java:30)
at org.openqa.selenium.remote.ProtocolHandshake.lambda$createSession$3(ProtocolHandshake.java:151)
at java.base/java.util.stream.ReferencePipeline$3$1.accept(ReferencePipeline.java:197)
at java.base/java.util.Spliterators$ArraySpliterator.tryAdvance(Spliterators.java:1002)
at java.base/java.util.stream.ReferencePipeline.forEachWithCancel(ReferencePipeline.java:129)
at java.base/java.util.stream.AbstractPipeline.copyIntoWithCancel(AbstractPipeline.java:527)
at java.base/java.util.stream.AbstractPipeline.copyInto(AbstractPipeline.java:513)
at java.base/java.util.stream.AbstractPipeline.wrapAndCopyInto(AbstractPipeline.java:499)
at java.base/java.util.stream.FindOps$FindOp.evaluateSequential(FindOps.java:150)
at java.base/java.util.stream.AbstractPipeline.evaluate(AbstractPipeline.java:234)
at java.base/java.util.stream.ReferencePipeline.findFirst(ReferencePipeline.java:647)
at org.openqa.selenium.remote.ProtocolHandshake.createSession(ProtocolHandshake.java:153)
at org.openqa.selenium.remote.ProtocolHandshake.createSession(ProtocolHandshake.java:102)
at org.openqa.selenium.remote.ProtocolHandshake.createSession(ProtocolHandshake.java:67)
at org.openqa.selenium.remote.HttpCommandExecutor.execute(HttpCommandExecutor.java:156)
at org.openqa.selenium.remote.service.DriverCommandExecutor.invokeExecute(DriverCommandExecutor.java:167)
at org.openqa.selenium.remote.service.DriverCommandExecutor.execute(DriverCommandExecutor.java:142)
at org.openqa.selenium.remote.RemoteWebDriver.execute(RemoteWebDriver.java:547)
... 29 more
... Removed 25 stack frames]]>
    </failure>
  </testcase> <!-- @BeforeTest launchBrowser -->
  <testcase classname="com.test.test" name="@BeforeClass HitURL" time="-1.664422349783E9">
    <skipped/>
  </testcase> <!-- @BeforeClass HitURL -->
  <testcase classname="com.test.test" name="@BeforeMethod verifyLoginPage" time="-1.664422349793E9">
    <skipped/>
  </testcase> <!-- @BeforeMethod verifyLoginPage -->
  <testcase classname="com.test.test" name="@AfterMethod Logout" time="-1.6644223498E9">
    <skipped/>
  </testcase> <!-- @AfterMethod Logout -->
  <testcase classname="com.test.test" name="@BeforeMethod verifyLoginPage" time="-1.664422349803E9">
    <skipped/>
  </testcase> <!-- @BeforeMethod verifyLoginPage -->
  <testcase classname="com.test.test" name="@AfterMethod Logout" time="-1.66442234981E9">
    <skipped/>
  </testcase> <!-- @AfterMethod Logout -->
  <testcase classname="com.test.test" name="@BeforeMethod verifyLoginPage" time="-1.664422349812E9">
    <skipped/>
  </testcase> <!-- @BeforeMethod verifyLoginPage -->
  <testcase classname="com.test.test" name="@AfterMethod Logout" time="-1.664422349819E9">
    <skipped/>
  </testcase> <!-- @AfterMethod Logout -->
  <testcase classname="com.test.test" name="@BeforeMethod verifyLoginPage" time="-1.664422349825E9">
    <skipped/>
  </testcase> <!-- @BeforeMethod verifyLoginPage -->
  <testcase classname="com.test.test" name="@AfterMethod Logout" time="-1.664422349832E9">
    <skipped/>
  </testcase> <!-- @AfterMethod Logout -->
  <testcase classname="com.test.test" name="@BeforeMethod verifyLoginPage" time="-1.664422349834E9">
    <skipped/>
  </testcase> <!-- @BeforeMethod verifyLoginPage -->
  <testcase classname="com.test.test" name="@AfterMethod Logout" time="-1.66442234984E9">
    <skipped/>
  </testcase> <!-- @AfterMethod Logout -->
  <testcase classname="com.test.test" name="@BeforeMethod verifyLoginPage" time="-1.664422349842E9">
    <skipped/>
  </testcase> <!-- @BeforeMethod verifyLoginPage -->
  <testcase classname="com.test.test" name="@AfterMethod Logout" time="-1.664422349847E9">
    <skipped/>
  </testcase> <!-- @AfterMethod Logout -->
  <testcase classname="com.test.test" name="@AfterClass CloseBrowser" time="-1.66442234985E9">
    <skipped/>
  </testcase> <!-- @AfterClass CloseBrowser -->
  <testcase classname="com.test.test" name="verifyBackpack" time="0.0">
    <skipped/>
  </testcase> <!-- verifyBackpack -->
  <testcase classname="com.test.test" name="verifyBikelight" time="0.0">
    <skipped/>
  </testcase> <!-- verifyBikelight -->
  <testcase classname="com.test.test" name="verifyTshirt" time="0.0">
    <skipped/>
  </testcase> <!-- verifyTshirt -->
  <testcase classname="com.test.test" name="verifyJacket" time="0.0">
    <skipped/>
  </testcase> <!-- verifyJacket -->
  <testcase classname="com.test.test" name="verifyOnesie" time="0.0">
    <skipped/>
  </testcase> <!-- verifyOnesie -->
  <testcase classname="com.test.test" name="verifyRedTshirt" time="0.0">
    <skipped/>
  </testcase> <!-- verifyRedTshirt -->
</testsuite> <!-- OperaTest -->
