<?xml version="1.0" encoding="UTF-8"?>
<!-- Generated by org.testng.reporters.JUnitXMLReporter -->
<testsuite ignored="0" hostname="DESKTOP-4E9IK45" failures="0" tests="6" name="SafariTest" time="0.7" errors="0" timestamp="2022-09-28T18:16:22 IST">
  <testcase classname="com.test.test" name="@BeforeTest launchBrowser" time="0.557">
    <failure type="org.openqa.selenium.WebDriverException" message="Unable to find driver executable: \usr\bin\safaridriver(SafariDriver requires Safari 10 running on OSX El Capitan or greater.)
Build info: version: &amp;apos;4.4.0&amp;apos;, revision: &amp;apos;e5c75ed026a&amp;apos;
System info: host: &amp;apos;DESKTOP-4E9IK45&amp;apos;, ip: &amp;apos;192.168.225.121&amp;apos;, os.name: &amp;apos;Windows 10&amp;apos;, os.arch: &amp;apos;amd64&amp;apos;, os.version: &amp;apos;10.0&amp;apos;, java.version: &amp;apos;18.0.2.1&amp;apos;
Driver info: driver.version: SafariDriver">
      <![CDATA[org.openqa.selenium.WebDriverException: Unable to find driver executable: \usr\bin\safaridriver(SafariDriver requires Safari 10 running on OSX El Capitan or greater.)
Build info: version: '4.4.0', revision: 'e5c75ed026a'
System info: host: 'DESKTOP-4E9IK45', ip: '192.168.225.121', os.name: 'Windows 10', os.arch: 'amd64', os.version: '10.0', java.version: '18.0.2.1'
Driver info: driver.version: SafariDriver
at org.openqa.selenium.safari.SafariDriverService$Builder.findDefaultExecutable(SafariDriverService.java:110)
at org.openqa.selenium.remote.service.DriverService$Builder.build(DriverService.java:437)
at org.openqa.selenium.safari.SafariDriverService.createDefaultService(SafariDriverService.java:67)
at org.openqa.selenium.safari.SafariDriver.<init>(SafariDriver.java:60)
at org.openqa.selenium.safari.SafariDriver.<init>(SafariDriver.java:49)
at com.base.Base.OpenSafariBrowser(Base.java:34)
at com.test.test.launchBrowser(test.java:43)
... Removed 22 stack frames]]>
    </failure>
  </testcase> <!-- @BeforeTest launchBrowser -->
  <testcase classname="com.test.test" name="@BeforeClass HitURL" time="-1.664369182336E9">
    <skipped/>
  </testcase> <!-- @BeforeClass HitURL -->
  <testcase classname="com.test.test" name="@BeforeMethod verifyLoginPage" time="-1.66436918235E9">
    <skipped/>
  </testcase> <!-- @BeforeMethod verifyLoginPage -->
  <testcase classname="com.test.test" name="@AfterMethod Logout" time="-1.664369182364E9">
    <skipped/>
  </testcase> <!-- @AfterMethod Logout -->
  <testcase classname="com.test.test" name="@BeforeMethod verifyLoginPage" time="-1.66436918237E9">
    <skipped/>
  </testcase> <!-- @BeforeMethod verifyLoginPage -->
  <testcase classname="com.test.test" name="@AfterMethod Logout" time="-1.664369182378E9">
    <skipped/>
  </testcase> <!-- @AfterMethod Logout -->
  <testcase classname="com.test.test" name="@BeforeMethod verifyLoginPage" time="-1.66436918238E9">
    <skipped/>
  </testcase> <!-- @BeforeMethod verifyLoginPage -->
  <testcase classname="com.test.test" name="@AfterMethod Logout" time="-1.66436918239E9">
    <skipped/>
  </testcase> <!-- @AfterMethod Logout -->
  <testcase classname="com.test.test" name="@BeforeMethod verifyLoginPage" time="-1.664369182395E9">
    <skipped/>
  </testcase> <!-- @BeforeMethod verifyLoginPage -->
  <testcase classname="com.test.test" name="@AfterMethod Logout" time="-1.664369182401E9">
    <skipped/>
  </testcase> <!-- @AfterMethod Logout -->
  <testcase classname="com.test.test" name="@BeforeMethod verifyLoginPage" time="-1.664369182404E9">
    <skipped/>
  </testcase> <!-- @BeforeMethod verifyLoginPage -->
  <testcase classname="com.test.test" name="@AfterMethod Logout" time="-1.664369182415E9">
    <skipped/>
  </testcase> <!-- @AfterMethod Logout -->
  <testcase classname="com.test.test" name="@BeforeMethod verifyLoginPage" time="-1.664369182418E9">
    <skipped/>
  </testcase> <!-- @BeforeMethod verifyLoginPage -->
  <testcase classname="com.test.test" name="@AfterMethod Logout" time="-1.664369182425E9">
    <skipped/>
  </testcase> <!-- @AfterMethod Logout -->
  <testcase classname="com.test.test" name="@AfterClass CloseBrowser" time="-1.664369182431E9">
    <skipped/>
  </testcase> <!-- @AfterClass CloseBrowser -->
  <testcase classname="com.test.test" name="verifyBackpack" time="0.0">
    <skipped/>
  </testcase> <!-- verifyBackpack -->
  <testcase classname="com.test.test" name="verifyBikelight" time="0.0">
    <skipped/>
  </testcase> <!-- verifyBikelight -->
  <testcase classname="com.test.test" name="verifyTshirt" time="0.0">
    <skipped/>
  </testcase> <!-- verifyTshirt -->
  <testcase classname="com.test.test" name="verifyJacket" time="0.0">
    <skipped/>
  </testcase> <!-- verifyJacket -->
  <testcase classname="com.test.test" name="verifyOnesie" time="0.0">
    <skipped/>
  </testcase> <!-- verifyOnesie -->
  <testcase classname="com.test.test" name="verifyRedTshirt" time="0.0">
    <skipped/>
  </testcase> <!-- verifyRedTshirt -->
</testsuite> <!-- SafariTest -->
